  main.cpp
  camera.cpp
  math3d.cpp
D:\U-tad\Clases\Geometria\Ejercicios\P4\Grupo\GEO_PROY_OPENGL\Transformations\Transformations\math3d.cpp(49,11): warning C4244: 'inicializando': conversión de 'double' a 'float'; posible pérdida de datos
D:\U-tad\Clases\Geometria\Ejercicios\P4\Grupo\GEO_PROY_OPENGL\Transformations\Transformations\math3d.cpp(50,11): warning C4244: 'inicializando': conversión de 'double' a 'float'; posible pérdida de datos
D:\U-tad\Clases\Geometria\Ejercicios\P4\Grupo\GEO_PROY_OPENGL\Transformations\Transformations\math3d.cpp(73,13): warning C4838: la conversión de 'double' en 'float' requiere una conversión de restricción
D:\U-tad\Clases\Geometria\Ejercicios\P4\Grupo\GEO_PROY_OPENGL\Transformations\Transformations\math3d.cpp(73,13): warning C4244: 'inicializando': conversión de 'double' a 'float'; posible pérdida de datos
D:\U-tad\Clases\Geometria\Ejercicios\P4\Grupo\GEO_PROY_OPENGL\Transformations\Transformations\math3d.cpp(73,26): warning C4838: la conversión de 'double' en 'float' requiere una conversión de restricción
D:\U-tad\Clases\Geometria\Ejercicios\P4\Grupo\GEO_PROY_OPENGL\Transformations\Transformations\math3d.cpp(73,26): warning C4244: 'inicializando': conversión de 'double' a 'float'; posible pérdida de datos
D:\U-tad\Clases\Geometria\Ejercicios\P4\Grupo\GEO_PROY_OPENGL\Transformations\Transformations\math3d.cpp(73,39): warning C4838: la conversión de 'double' en 'float' requiere una conversión de restricción
D:\U-tad\Clases\Geometria\Ejercicios\P4\Grupo\GEO_PROY_OPENGL\Transformations\Transformations\math3d.cpp(73,39): warning C4244: 'inicializando': conversión de 'double' a 'float'; posible pérdida de datos
D:\U-tad\Clases\Geometria\Ejercicios\P4\Grupo\GEO_PROY_OPENGL\Transformations\Transformations\math3d.cpp(73,42): warning C4838: la conversión de 'double' en 'float' requiere una conversión de restricción
D:\U-tad\Clases\Geometria\Ejercicios\P4\Grupo\GEO_PROY_OPENGL\Transformations\Transformations\math3d.cpp(73,42): warning C4244: 'inicializando': conversión de 'double' a 'float'; posible pérdida de datos
D:\U-tad\Clases\Geometria\Ejercicios\P4\Grupo\GEO_PROY_OPENGL\Transformations\Transformations\math3d.cpp(74,13): warning C4838: la conversión de 'double' en 'float' requiere una conversión de restricción
D:\U-tad\Clases\Geometria\Ejercicios\P4\Grupo\GEO_PROY_OPENGL\Transformations\Transformations\math3d.cpp(74,13): warning C4244: 'inicializando': conversión de 'double' a 'float'; posible pérdida de datos
D:\U-tad\Clases\Geometria\Ejercicios\P4\Grupo\GEO_PROY_OPENGL\Transformations\Transformations\math3d.cpp(74,26): warning C4838: la conversión de 'double' en 'float' requiere una conversión de restricción
D:\U-tad\Clases\Geometria\Ejercicios\P4\Grupo\GEO_PROY_OPENGL\Transformations\Transformations\math3d.cpp(74,26): warning C4244: 'inicializando': conversión de 'double' a 'float'; posible pérdida de datos
D:\U-tad\Clases\Geometria\Ejercicios\P4\Grupo\GEO_PROY_OPENGL\Transformations\Transformations\math3d.cpp(74,39): warning C4838: la conversión de 'double' en 'float' requiere una conversión de restricción
D:\U-tad\Clases\Geometria\Ejercicios\P4\Grupo\GEO_PROY_OPENGL\Transformations\Transformations\math3d.cpp(74,39): warning C4244: 'inicializando': conversión de 'double' a 'float'; posible pérdida de datos
D:\U-tad\Clases\Geometria\Ejercicios\P4\Grupo\GEO_PROY_OPENGL\Transformations\Transformations\math3d.cpp(74,42): warning C4838: la conversión de 'double' en 'float' requiere una conversión de restricción
D:\U-tad\Clases\Geometria\Ejercicios\P4\Grupo\GEO_PROY_OPENGL\Transformations\Transformations\math3d.cpp(74,42): warning C4244: 'inicializando': conversión de 'double' a 'float'; posible pérdida de datos
D:\U-tad\Clases\Geometria\Ejercicios\P4\Grupo\GEO_PROY_OPENGL\Transformations\Transformations\math3d.cpp(75,13): warning C4838: la conversión de 'double' en 'float' requiere una conversión de restricción
D:\U-tad\Clases\Geometria\Ejercicios\P4\Grupo\GEO_PROY_OPENGL\Transformations\Transformations\math3d.cpp(75,13): warning C4244: 'inicializando': conversión de 'double' a 'float'; posible pérdida de datos
D:\U-tad\Clases\Geometria\Ejercicios\P4\Grupo\GEO_PROY_OPENGL\Transformations\Transformations\math3d.cpp(75,26): warning C4838: la conversión de 'double' en 'float' requiere una conversión de restricción
D:\U-tad\Clases\Geometria\Ejercicios\P4\Grupo\GEO_PROY_OPENGL\Transformations\Transformations\math3d.cpp(75,26): warning C4244: 'inicializando': conversión de 'double' a 'float'; posible pérdida de datos
D:\U-tad\Clases\Geometria\Ejercicios\P4\Grupo\GEO_PROY_OPENGL\Transformations\Transformations\math3d.cpp(75,39): warning C4838: la conversión de 'double' en 'float' requiere una conversión de restricción
D:\U-tad\Clases\Geometria\Ejercicios\P4\Grupo\GEO_PROY_OPENGL\Transformations\Transformations\math3d.cpp(75,39): warning C4244: 'inicializando': conversión de 'double' a 'float'; posible pérdida de datos
D:\U-tad\Clases\Geometria\Ejercicios\P4\Grupo\GEO_PROY_OPENGL\Transformations\Transformations\math3d.cpp(75,42): warning C4838: la conversión de 'double' en 'float' requiere una conversión de restricción
D:\U-tad\Clases\Geometria\Ejercicios\P4\Grupo\GEO_PROY_OPENGL\Transformations\Transformations\math3d.cpp(75,42): warning C4244: 'inicializando': conversión de 'double' a 'float'; posible pérdida de datos
D:\U-tad\Clases\Geometria\Ejercicios\P4\Grupo\GEO_PROY_OPENGL\Transformations\Transformations\math3d.cpp(94,40): warning C4244: 'argumento': conversión de 'double' a 'float'; posible pérdida de datos
  shapes.cpp
  Generando código...
  Transformations.vcxproj -> D:\U-tad\Clases\Geometria\Ejercicios\P4\Grupo\GEO_PROY_OPENGL\Transformations\Debug\Transformations.exe
